<?xml version="1.0" encoding="UTF-8"?>
<testsuite name="com.example.db_sample.DbSampleApplicationTests" tests="1" skipped="0" failures="0" errors="0" timestamp="2024-03-12T07:55:49" hostname="Anarghyas-MacBook-Air.local" time="0.325">
  <properties/>
  <testcase name="asyncQueryRunner()" classname="com.example.db_sample.DbSampleApplicationTests" time="0.325"/>
  <system-out><![CDATA[13:25:48.290 [Test worker] INFO org.springframework.test.context.support.AnnotationConfigContextLoaderUtils -- Could not detect default configuration classes for test class [com.example.db_sample.DbSampleApplicationTests]: DbSampleApplicationTests does not declare any static, non-private, non-final, nested classes annotated with @Configuration.
13:25:48.334 [Test worker] INFO org.springframework.boot.test.context.SpringBootTestContextBootstrapper -- Found @SpringBootConfiguration com.example.db_sample.DbSampleApplication for test class com.example.db_sample.DbSampleApplicationTests

  .   ____          _            __ _ _
 /\\ / ___'_ __ _ _(_)_ __  __ _ \ \ \ \
( ( )\___ | '_ | '_| | '_ \/ _` | \ \ \ \
 \\/  ___)| |_)| | | | | || (_| |  ) ) ) )
  '  |____| .__|_| |_|_| |_\__, | / / / /
 =========|_|==============|___/=/_/_/_/
 :: Spring Boot ::                (v3.2.3)

2024-03-12T13:25:48.494+05:30  INFO 6628 --- [    Test worker] c.e.db_sample.DbSampleApplicationTests   : Starting DbSampleApplicationTests using Java 17.0.9 with PID 6628 (started by jantalianarghya in /Users/jantalianarghya/IdeaProjects/DB_Sample)
2024-03-12T13:25:48.494+05:30  INFO 6628 --- [    Test worker] c.e.db_sample.DbSampleApplicationTests   : No active profile set, falling back to 1 default profile: "default"
2024-03-12T13:25:48.720+05:30  INFO 6628 --- [    Test worker] .s.d.r.c.RepositoryConfigurationDelegate : Bootstrapping Spring Data JPA repositories in DEFAULT mode.
2024-03-12T13:25:48.740+05:30  INFO 6628 --- [    Test worker] .s.d.r.c.RepositoryConfigurationDelegate : Finished Spring Data repository scanning in 15 ms. Found 1 JPA repository interface.
2024-03-12T13:25:48.924+05:30  INFO 6628 --- [    Test worker] com.zaxxer.hikari.HikariDataSource       : HikariPool-1 - Starting...
2024-03-12T13:25:49.011+05:30  INFO 6628 --- [    Test worker] com.zaxxer.hikari.pool.HikariPool        : HikariPool-1 - Added connection conn0: url=jdbc:h2:mem:testdb user=USERNAME
2024-03-12T13:25:49.012+05:30  INFO 6628 --- [    Test worker] com.zaxxer.hikari.HikariDataSource       : HikariPool-1 - Start completed.
2024-03-12T13:25:49.036+05:30  INFO 6628 --- [    Test worker] o.hibernate.jpa.internal.util.LogHelper  : HHH000204: Processing PersistenceUnitInfo [name: default]
2024-03-12T13:25:49.062+05:30  INFO 6628 --- [    Test worker] org.hibernate.Version                    : HHH000412: Hibernate ORM core version 6.4.4.Final
2024-03-12T13:25:49.077+05:30  INFO 6628 --- [    Test worker] o.h.c.internal.RegionFactoryInitiator    : HHH000026: Second-level cache disabled
2024-03-12T13:25:49.181+05:30  INFO 6628 --- [    Test worker] o.s.o.j.p.SpringPersistenceUnitInfo      : No LoadTimeWeaver setup: ignoring JPA class transformer
2024-03-12T13:25:49.560+05:30  INFO 6628 --- [    Test worker] o.h.e.t.j.p.i.JtaPlatformInitiator       : HHH000489: No JTA platform available (set 'hibernate.transaction.jta.platform' to enable JTA platform integration)
2024-03-12T13:25:49.575+05:30  INFO 6628 --- [    Test worker] j.LocalContainerEntityManagerFactoryBean : Initialized JPA EntityManagerFactory for persistence unit 'default'
2024-03-12T13:25:49.742+05:30  INFO 6628 --- [    Test worker] c.e.db_sample.DbSampleApplicationTests   : Started DbSampleApplicationTests in 1.348 seconds (process running for 1.841)
2024-03-12T13:25:49.743+05:30  INFO 6628 --- [    Test worker] service.UserService                      : Saving user: John
2024-03-12T13:25:49.776+05:30  INFO 6628 --- [    Test worker] service.UserService                      : User saved: John
2024-03-12T13:25:49.776+05:30  INFO 6628 --- [    Test worker] service.UserService                      : Saving user: Jane
2024-03-12T13:25:49.777+05:30  INFO 6628 --- [    Test worker] service.UserService                      : User saved: Jane
2024-03-12T13:25:50.088+05:30  INFO 6628 --- [    Test worker] c.e.db_sample.DbSampleApplicationTests   : User: John Doe
2024-03-12T13:25:50.090+05:30  INFO 6628 --- [    Test worker] c.e.db_sample.DbSampleApplicationTests   : User: Jane Doe
]]></system-out>
  <system-err><![CDATA[]]></system-err>
</testsuite>
